<?xml version="1.0" encoding="UTF-8"?>
<!-- Generated by org.testng.reporters.JUnitReportReporter -->
<testsuite hostname="LAPTOP-L1QV3ND2" failures="0" tests="1" name="com.google.qa.FirstTest" time="11.856" errors="0" timestamp="14 ene. 2023 20:30:31 GMT" skipped="0">
  <testcase classname="com.google.qa.FirstTest" name="f" time="11.856"/>
</testsuite> <!-- com.google.qa.FirstTest -->
